<?xml version="1.0" encoding="UTF-8"?>
<testng-results ignored="0" total="3" passed="3" failed="0" skipped="0">
  <reporter-output>
  </reporter-output>
  <suite started-at="2022-12-26T15:33:48 IST" name="Default suite" finished-at="2022-12-26T15:33:48 IST" duration-ms="107">
    <groups>
    </groups>
    <test started-at="2022-12-26T15:33:48 IST" name="Default test" finished-at="2022-12-26T15:33:48 IST" duration-ms="107">
      <class name="demo.JsonTest">
        <test-method signature="m1(java.lang.String)[pri:0, instance:demo.JsonTest@75329a49]" started-at="2022-12-26T15:33:48 IST" name="m1" data-provider="ts" finished-at="2022-12-26T15:33:48 IST" duration-ms="12" status="PASS">
          <params>
            <param index="0">
              <value>
                <![CDATA[Nihad,Nihad@786]]>
              </value>
            </param>
          </params>
          <reporter-output>
          </reporter-output>
        </test-method> <!-- m1 -->
        <test-method signature="m1(java.lang.String)[pri:0, instance:demo.JsonTest@75329a49]" started-at="2022-12-26T15:33:48 IST" name="m1" data-provider="ts" finished-at="2022-12-26T15:33:48 IST" duration-ms="2" status="PASS">
          <params>
            <param index="0">
              <value>
                <![CDATA[Asiya,Asiya@786]]>
              </value>
            </param>
          </params>
          <reporter-output>
          </reporter-output>
        </test-method> <!-- m1 -->
        <test-method signature="m1(java.lang.String)[pri:0, instance:demo.JsonTest@75329a49]" started-at="2022-12-26T15:33:48 IST" name="m1" data-provider="ts" finished-at="2022-12-26T15:33:48 IST" duration-ms="2" status="PASS">
          <params>
            <param index="0">
              <value>
                <![CDATA[Nousheen,Noush@786]]>
              </value>
            </param>
          </params>
          <reporter-output>
          </reporter-output>
        </test-method> <!-- m1 -->
      </class> <!-- demo.JsonTest -->
    </test> <!-- Default test -->
  </suite> <!-- Default suite -->
</testng-results>
