<?xml version="1.0" encoding="UTF-8"?>
<testng-results ignored="0" total="1" passed="1" failed="0" skipped="0">
  <reporter-output>
  </reporter-output>
  <suite started-at="2023-01-30T12:21:12 IST" name="Default suite" finished-at="2023-01-30T12:21:12 IST" duration-ms="65">
    <groups>
    </groups>
    <test started-at="2023-01-30T12:21:12 IST" name="Default test" finished-at="2023-01-30T12:21:12 IST" duration-ms="65">
      <class name="Base.child">
        <test-method signature="main()[pri:0, instance:Base.child@703580bf]" started-at="2023-01-30T12:21:12 IST" name="main" finished-at="2023-01-30T12:21:12 IST" duration-ms="13" status="PASS">
          <reporter-output>
          </reporter-output>
        </test-method> <!-- main -->
      </class> <!-- Base.child -->
    </test> <!-- Default test -->
  </suite> <!-- Default suite -->
</testng-results>
