<?xml version="1.0" encoding="UTF-8"?>
<testng-results ignored="0" total="1" passed="1" failed="0" skipped="0">
  <reporter-output>
  </reporter-output>
  <suite started-at="2022-12-22T14:50:50 IST" name="Default suite" finished-at="2022-12-22T14:50:51 IST" duration-ms="1127">
    <groups>
    </groups>
    <test started-at="2022-12-22T14:50:50 IST" name="Default test" finished-at="2022-12-22T14:50:51 IST" duration-ms="1127">
      <class name="test.excel">
        <test-method signature="m1()[pri:0, instance:test.excel@3cc2931c]" started-at="2022-12-22T14:50:50 IST" name="m1" finished-at="2022-12-22T14:50:51 IST" duration-ms="1069" status="PASS">
          <reporter-output>
          </reporter-output>
        </test-method> <!-- m1 -->
      </class> <!-- test.excel -->
    </test> <!-- Default test -->
  </suite> <!-- Default suite -->
</testng-results>
